/*C11*/CONNECT USER SA
DELETE FROM CLIENTS WHERE CLIENTID=142
DELETE FROM CLIENTMODULES WHERE MODULEID=8
DELETE FROM CLIENTMODULES WHERE MODULEID=9
DELETE FROM CLIENTMODULES WHERE MODULEID=10
DELETE FROM CLIENTMODULES WHERE MODULEID=11
DELETE FROM ARGUEMENTS WHERE THREADID=0 AND MODULEID=9 AND ARGUEMENT='Directory'
DELETE FROM ARGUEMENTS WHERE THREADID=0 AND MODULEID=10 AND ARGUEMENT='Directory'
DELETE FROM ARGUEMENTS WHERE THREADID=0 AND MODULEID=10 AND ARGUEMENT='File'
DELETE FROM ARGUEMENTS WHERE THREADID=0 AND MODULEID=10 AND ARGUEMENT='Time'
DELETE FROM ARGUEMENTS WHERE THREADID=0 AND MODULEID=10 AND ARGUEMENT='User'
INSERT INTO CLIENTS VALUES(143,0,'testPlatform','/10.8.16.149','Mon May 16 15:58:32 CDT 2005')
INSERT INTO CLIENTMODULES VALUES(12,0,'settlement','Daily Settlement','Run Settlement daily at 2:30',0,'amalgam.modules.settlement')
INSERT INTO CLIENTMODULES VALUES(13,0,'listDirectory','List Directory','List a directory on the remote system',0,'amalgam.modules.ListDirectory')
INSERT INTO ARGUEMENTS VALUES(0,13,'Directory')
INSERT INTO CLIENTMODULES VALUES(14,0,'fetchFile','Fetch File','List a directory on the remote system',0,'amalgam.modules.FetchFile')
INSERT INTO ARGUEMENTS VALUES(0,14,'Directory')
INSERT INTO ARGUEMENTS VALUES(0,14,'File')
INSERT INTO ARGUEMENTS VALUES(0,14,'Time')
INSERT INTO ARGUEMENTS VALUES(0,14,'User')
INSERT INTO CLIENTMODULES VALUES(15,0,'pushFile','Push File','List a directory on the remote system',0,'amalgam.modules.PushFile')
DELETE FROM CLIENTS WHERE CLIENTID=143
DELETE FROM CLIENTMODULES WHERE MODULEID=12
DELETE FROM CLIENTMODULES WHERE MODULEID=13
DELETE FROM CLIENTMODULES WHERE MODULEID=14
DELETE FROM CLIENTMODULES WHERE MODULEID=15
DELETE FROM ARGUEMENTS WHERE THREADID=0 AND MODULEID=13 AND ARGUEMENT='Directory'
DELETE FROM ARGUEMENTS WHERE THREADID=0 AND MODULEID=14 AND ARGUEMENT='Directory'
DELETE FROM ARGUEMENTS WHERE THREADID=0 AND MODULEID=14 AND ARGUEMENT='File'
DELETE FROM ARGUEMENTS WHERE THREADID=0 AND MODULEID=14 AND ARGUEMENT='Time'
DELETE FROM ARGUEMENTS WHERE THREADID=0 AND MODULEID=14 AND ARGUEMENT='User'
INSERT INTO CLIENTS VALUES(144,2,'testPlatform','/10.8.16.149','Mon May 16 16:03:30 CDT 2005')
INSERT INTO CLIENTMODULES VALUES(16,2,'settlement','Daily Settlement','Run Settlement daily at 2:30',0,'amalgam.modules.settlement')
INSERT INTO CLIENTMODULES VALUES(17,2,'listDirectory','List Directory','List a directory on the remote system',0,'amalgam.modules.ListDirectory')
INSERT INTO ARGUEMENTS VALUES(2,17,'Directory')
INSERT INTO CLIENTMODULES VALUES(18,2,'fetchFile','Fetch File','List a directory on the remote system',0,'amalgam.modules.FetchFile')
INSERT INTO ARGUEMENTS VALUES(2,18,'Directory')
INSERT INTO ARGUEMENTS VALUES(2,18,'File')
INSERT INTO ARGUEMENTS VALUES(2,18,'Time')
INSERT INTO ARGUEMENTS VALUES(2,18,'User')
INSERT INTO CLIENTMODULES VALUES(19,2,'pushFile','Push File','List a directory on the remote system',0,'amalgam.modules.PushFile')
DISCONNECT
